<?xml version="1.0" encoding="UTF-8"?>
<coverage generated="1527734058">
  <project timestamp="1527734058">
    <package name="Lrf141\Knight">
      <file name="/home/lrf141/phpProject/knight/src/Container.php">
        <class name="Lrf141\Knight\Container" namespace="Lrf141\Knight">
          <metrics complexity="9" methods="6" coveredmethods="3" conditionals="0" coveredconditionals="0" statements="16" coveredstatements="11" elements="22" coveredelements="14"/>
        </class>
        <line num="17" type="method" name="__construct" visibility="public" complexity="1" crap="1" count="1"/>
        <line num="19" type="stmt" count="1"/>
        <line num="20" type="stmt" count="1"/>
        <line num="22" type="method" name="add" visibility="public" complexity="3" crap="3.10" count="1"/>
        <line num="24" type="stmt" count="1"/>
        <line num="25" type="stmt" count="1"/>
        <line num="27" type="stmt" count="1"/>
        <line num="28" type="stmt" count="0"/>
        <line num="31" type="stmt" count="1"/>
        <line num="33" type="stmt" count="1"/>
        <line num="34" type="stmt" count="1"/>
        <line num="36" type="stmt" count="0"/>
        <line num="38" type="stmt" count="1"/>
        <line num="40" type="method" name="share" visibility="public" complexity="1" crap="2.00" count="0"/>
        <line num="42" type="stmt" count="0"/>
        <line num="43" type="stmt" count="0"/>
        <line num="45" type="method" name="get" visibility="public" complexity="2" crap="2" count="1"/>
        <line num="47" type="stmt" count="1"/>
        <line num="50" type="method" name="has" visibility="public" complexity="1" crap="1" count="1"/>
        <line num="52" type="stmt" count="1"/>
        <line num="55" type="method" name="hasShare" visibility="public" complexity="1" crap="2.00" count="0"/>
        <line num="57" type="stmt" count="0"/>
        <metrics loc="59" ncloc="56" classes="1" methods="6" coveredmethods="3" conditionals="0" coveredconditionals="0" statements="16" coveredstatements="11" elements="22" coveredelements="14"/>
      </file>
    </package>
    <package name="Lrf141\Knight\Definition">
      <file name="/home/lrf141/phpProject/knight/src/Definition/ClassDefinition.php">
        <class name="Lrf141\Knight\Definition\ClassDefinition" namespace="Lrf141\Knight\Definition">
          <metrics complexity="1" methods="1" coveredmethods="1" conditionals="0" coveredconditionals="0" statements="3" coveredstatements="3" elements="4" coveredelements="4"/>
        </class>
        <line num="10" type="method" name="build" visibility="public" complexity="1" crap="1" count="1"/>
        <line num="12" type="stmt" count="1"/>
        <line num="13" type="stmt" count="1"/>
        <line num="14" type="stmt" count="1"/>
        <metrics loc="16" ncloc="16" classes="1" methods="1" coveredmethods="1" conditionals="0" coveredconditionals="0" statements="3" coveredstatements="3" elements="4" coveredelements="4"/>
      </file>
      <file name="/home/lrf141/phpProject/knight/src/Definition/Definition.php">
        <class name="Lrf141\Knight\Definition\Definition" namespace="Lrf141\Knight\Definition">
          <metrics complexity="4" methods="3" coveredmethods="1" conditionals="0" coveredconditionals="0" statements="8" coveredstatements="3" elements="11" coveredelements="4"/>
        </class>
        <line num="12" type="method" name="__construct" visibility="public" complexity="1" crap="1" count="1"/>
        <line num="14" type="stmt" count="1"/>
        <line num="15" type="stmt" count="1"/>
        <line num="16" type="stmt" count="1"/>
        <line num="18" type="method" name="withArgument" visibility="public" complexity="1" crap="2.00" count="0"/>
        <line num="20" type="stmt" count="0"/>
        <line num="21" type="stmt" count="0"/>
        <line num="24" type="method" name="withArguments" visibility="public" complexity="2" crap="6.00" count="0"/>
        <line num="26" type="stmt" count="0"/>
        <line num="27" type="stmt" count="0"/>
        <line num="30" type="stmt" count="0"/>
        <metrics loc="32" ncloc="32" classes="1" methods="3" coveredmethods="1" conditionals="0" coveredconditionals="0" statements="8" coveredstatements="3" elements="11" coveredelements="4"/>
      </file>
      <file name="/home/lrf141/phpProject/knight/src/Definition/DefinitionFactory.php">
        <class name="Lrf141\Knight\Definition\DefinitionFactory" namespace="Lrf141\Knight\Definition">
          <metrics complexity="2" methods="1" coveredmethods="0" conditionals="0" coveredconditionals="0" statements="3" coveredstatements="2" elements="4" coveredelements="2"/>
        </class>
        <line num="9" type="method" name="getDefinition" visibility="public" complexity="2" crap="2.15" count="1"/>
        <line num="11" type="stmt" count="1"/>
        <line num="12" type="stmt" count="1"/>
        <line num="15" type="stmt" count="0"/>
        <metrics loc="17" ncloc="17" classes="1" methods="1" coveredmethods="0" conditionals="0" coveredconditionals="0" statements="3" coveredstatements="2" elements="4" coveredelements="2"/>
      </file>
    </package>
    <metrics files="4" loc="124" ncloc="121" classes="4" methods="11" coveredmethods="5" conditionals="0" coveredconditionals="0" statements="30" coveredstatements="19" elements="41" coveredelements="24"/>
  </project>
</coverage>
