<?xml version="1.0" encoding="UTF-8"?>
<testsuites>
  <testsuite name="Lrf141 Test Suite" tests="1" assertions="2" errors="0" failures="0" skipped="0" time="0.007935">
    <testsuite name="ContainerTest" file="/home/lrf141/phpProject/knight/tests/ContainerTest.php" tests="1" assertions="2" errors="0" failures="0" skipped="0" time="0.007935">
      <testcase name="testSimpleAddAndGet" class="ContainerTest" classname="ContainerTest" file="/home/lrf141/phpProject/knight/tests/ContainerTest.php" line="10" assertions="2" time="0.007935"/>
    </testsuite>
  </testsuite>
</testsuites>
